[2020-07-02 14:02:48,255] INFO Watching for file changes with StatReloader
[2020-07-02 14:03:13,865] INFO "GET / HTTP/1.1" 200 1768
[2020-07-02 14:03:14,120] WARNING "GET /static/css/google_material_icons.css HTTP/1.1" 404 179
[2020-07-02 14:03:14,121] WARNING "GET /static/css/materialize.min.css HTTP/1.1" 404 179
[2020-07-02 14:03:14,993] WARNING "GET /static/favicon-32x32.png HTTP/1.1" 404 179
[2020-07-02 14:03:59,624] INFO Watching for file changes with StatReloader
[2020-07-02 14:04:04,403] INFO "GET / HTTP/1.1" 200 1768
[2020-07-02 14:04:04,453] WARNING "GET /static/css/materialize.min.css HTTP/1.1" 404 179
[2020-07-02 14:04:04,454] WARNING "GET /static/css/google_material_icons.css HTTP/1.1" 404 179
[2020-07-02 14:04:06,152] INFO "GET / HTTP/1.1" 200 1768
[2020-07-02 14:04:06,222] WARNING "GET /static/css/google_material_icons.css HTTP/1.1" 404 179
[2020-07-02 14:04:06,222] WARNING "GET /static/css/materialize.min.css HTTP/1.1" 404 179
[2020-07-02 14:04:06,349] WARNING "GET /static/favicon-32x32.png HTTP/1.1" 404 179
[2020-07-02 14:04:06,942] INFO "GET / HTTP/1.1" 200 1768
[2020-07-02 14:04:06,997] WARNING "GET /static/css/google_material_icons.css HTTP/1.1" 404 179
[2020-07-02 14:04:06,997] WARNING "GET /static/css/materialize.min.css HTTP/1.1" 404 179
[2020-07-02 14:04:07,091] WARNING "GET /static/favicon-32x32.png HTTP/1.1" 404 179
[2020-07-02 14:04:09,873] WARNING "GET /static/css/materialize.min.css HTTP/1.1" 404 179
[2020-07-02 14:04:09,874] WARNING "GET /static/css/google_material_icons.css HTTP/1.1" 404 179
[2020-07-02 14:04:17,305] INFO "GET / HTTP/1.1" 200 1768
[2020-07-02 14:04:17,586] WARNING "GET /static/css/materialize.min.css HTTP/1.1" 404 179
[2020-07-02 14:04:17,589] WARNING "GET /static/css/google_material_icons.css HTTP/1.1" 404 179
[2020-07-02 14:04:18,288] WARNING "GET /static/favicon-32x32.png HTTP/1.1" 404 179
[2020-07-02 14:04:36,825] INFO "GET / HTTP/1.1" 200 1768
[2020-07-02 14:04:36,935] WARNING "GET /static/css/materialize.min.css HTTP/1.1" 404 179
[2020-07-02 14:04:36,973] WARNING "GET /static/css/google_material_icons.css HTTP/1.1" 404 179
[2020-07-02 14:04:37,340] INFO "GET / HTTP/1.1" 200 1768
[2020-07-02 14:04:39,018] INFO "GET / HTTP/1.1" 200 1768
[2020-07-02 14:04:39,138] WARNING "GET /static/css/materialize.min.css HTTP/1.1" 404 179
[2020-07-02 14:04:39,148] WARNING "GET /static/css/google_material_icons.css HTTP/1.1" 404 179
[2020-07-02 14:04:39,286] WARNING "GET /static/favicon-32x32.png HTTP/1.1" 404 179
[2020-07-02 14:04:40,591] WARNING "GET /static/css/materialize.min.css HTTP/1.1" 404 179
[2020-07-02 14:04:40,593] WARNING "GET /static/css/google_material_icons.css HTTP/1.1" 404 179
[2020-07-02 14:04:42,603] INFO "GET / HTTP/1.1" 200 1768
[2020-07-02 14:04:42,678] WARNING "GET /static/css/materialize.min.css HTTP/1.1" 404 179
[2020-07-02 14:04:42,681] WARNING "GET /static/css/google_material_icons.css HTTP/1.1" 404 179
[2020-07-02 14:05:09,093] INFO "POST / HTTP/1.1" 200 1991
[2020-07-02 14:05:09,155] WARNING "GET /static/css/materialize.min.css HTTP/1.1" 404 179
[2020-07-02 14:05:09,158] WARNING "GET /static/css/google_material_icons.css HTTP/1.1" 404 179
[2020-07-02 14:09:20,066] WARNING "GET /static/css/materialize.min.css HTTP/1.1" 404 179
[2020-07-02 14:09:20,515] WARNING "GET /favicon.ico HTTP/1.1" 404 179
[2020-07-02 14:09:40,175] INFO "POST / HTTP/1.1" 200 1991
[2020-07-02 14:09:40,249] WARNING "GET /static/css/materialize.min.css HTTP/1.1" 404 179
[2020-07-02 14:09:40,253] WARNING "GET /static/css/google_material_icons.css HTTP/1.1" 404 179
[2020-07-02 14:10:50,037] INFO "GET /index/ HTTP/1.1" 302 0
[2020-07-02 14:10:50,081] INFO "GET /accounts/login/?next=/index/ HTTP/1.1" 200 1912
[2020-07-02 14:10:50,280] WARNING "GET /static/css/materialize.min.css HTTP/1.1" 404 179
[2020-07-02 14:10:50,282] WARNING "GET /static/css/google_material_icons.css HTTP/1.1" 404 179
[2020-07-02 14:11:10,235] INFO "GET / HTTP/1.1" 200 1768
[2020-07-02 14:11:10,337] WARNING "GET /static/css/materialize.min.css HTTP/1.1" 404 179
[2020-07-02 14:11:10,338] WARNING "GET /static/css/google_material_icons.css HTTP/1.1" 404 179
[2020-07-02 14:11:10,553] WARNING "GET /static/favicon-32x32.png HTTP/1.1" 404 179
[2020-07-02 14:12:46,544] INFO Watching for file changes with StatReloader
[2020-07-02 14:13:01,669] INFO "GET / HTTP/1.1" 200 1768
[2020-07-02 14:13:01,751] WARNING "GET /static/css/materialize.min.css HTTP/1.1" 404 179
[2020-07-02 14:13:01,753] WARNING "GET /static/css/google_material_icons.css HTTP/1.1" 404 179
[2020-07-02 14:13:06,968] INFO "POST / HTTP/1.1" 302 0
[2020-07-02 14:13:07,054] ERROR Internal Server Error: /index/
Traceback (most recent call last):
  File "/home/dennisqc/WebApps/django-misclientes/.venv/lib/python3.8/site-packages/django/db/backends/utils.py", line 86, in _execute
    return self.cursor.execute(sql, params)
  File "/home/dennisqc/WebApps/django-misclientes/.venv/lib/python3.8/site-packages/django/db/backends/sqlite3/base.py", line 396, in execute
    return Database.Cursor.execute(self, query, params)
sqlite3.OperationalError: no such table: misclientes_enterprise

The above exception was the direct cause of the following exception:

Traceback (most recent call last):
  File "/home/dennisqc/WebApps/django-misclientes/.venv/lib/python3.8/site-packages/django/core/handlers/exception.py", line 34, in inner
    response = get_response(request)
  File "/home/dennisqc/WebApps/django-misclientes/.venv/lib/python3.8/site-packages/django/core/handlers/base.py", line 115, in _get_response
    response = self.process_exception_by_middleware(e, request)
  File "/home/dennisqc/WebApps/django-misclientes/.venv/lib/python3.8/site-packages/django/core/handlers/base.py", line 113, in _get_response
    response = wrapped_callback(request, *callback_args, **callback_kwargs)
  File "/home/dennisqc/WebApps/django-misclientes/.venv/lib/python3.8/site-packages/django/contrib/auth/decorators.py", line 21, in _wrapped_view
    return view_func(request, *args, **kwargs)
  File "/home/dennisqc/WebApps/django-misclientes/misclientes/views.py", line 60, in index
    ultimo_no_contrato = Enterprise.objects.all().aggregate(Max('contract'))
  File "/home/dennisqc/WebApps/django-misclientes/.venv/lib/python3.8/site-packages/django/db/models/query.py", line 384, in aggregate
    return query.get_aggregation(self.db, kwargs)
  File "/home/dennisqc/WebApps/django-misclientes/.venv/lib/python3.8/site-packages/django/db/models/sql/query.py", line 503, in get_aggregation
    result = compiler.execute_sql(SINGLE)
  File "/home/dennisqc/WebApps/django-misclientes/.venv/lib/python3.8/site-packages/django/db/models/sql/compiler.py", line 1152, in execute_sql
    cursor.execute(sql, params)
  File "/home/dennisqc/WebApps/django-misclientes/.venv/lib/python3.8/site-packages/django/db/backends/utils.py", line 68, in execute
    return self._execute_with_wrappers(sql, params, many=False, executor=self._execute)
  File "/home/dennisqc/WebApps/django-misclientes/.venv/lib/python3.8/site-packages/django/db/backends/utils.py", line 77, in _execute_with_wrappers
    return executor(sql, params, many, context)
  File "/home/dennisqc/WebApps/django-misclientes/.venv/lib/python3.8/site-packages/django/db/backends/utils.py", line 86, in _execute
    return self.cursor.execute(sql, params)
  File "/home/dennisqc/WebApps/django-misclientes/.venv/lib/python3.8/site-packages/django/db/utils.py", line 90, in __exit__
    raise dj_exc_value.with_traceback(traceback) from exc_value
  File "/home/dennisqc/WebApps/django-misclientes/.venv/lib/python3.8/site-packages/django/db/backends/utils.py", line 86, in _execute
    return self.cursor.execute(sql, params)
  File "/home/dennisqc/WebApps/django-misclientes/.venv/lib/python3.8/site-packages/django/db/backends/sqlite3/base.py", line 396, in execute
    return Database.Cursor.execute(self, query, params)
django.db.utils.OperationalError: no such table: misclientes_enterprise
[2020-07-02 14:13:07,519] ERROR "GET /index/ HTTP/1.1" 500 145
[2020-07-02 14:13:07,808] WARNING "GET /favicon.ico HTTP/1.1" 404 179
[2020-07-02 14:13:44,272] INFO Watching for file changes with StatReloader
[2020-07-02 14:13:47,818] INFO "GET /index/ HTTP/1.1" 200 7027
[2020-07-02 14:13:47,900] WARNING "GET /static/css/materialize.min.css HTTP/1.1" 404 179
[2020-07-02 14:13:47,904] WARNING "GET /static/css/google_material_icons.css HTTP/1.1" 404 179
[2020-07-02 14:13:47,913] WARNING "GET /static/js/pace.min.js HTTP/1.1" 404 179
[2020-07-02 14:13:47,922] WARNING "GET /static/css/extra.css HTTP/1.1" 404 179
[2020-07-02 14:13:47,941] WARNING "GET /static/js/jquery-2.2.2.min.js HTTP/1.1" 404 179
[2020-07-02 14:13:47,941] WARNING "GET /static/js/materialize.min.js HTTP/1.1" 404 179
[2020-07-02 14:13:47,945] WARNING "GET /static/js/clientes.js HTTP/1.1" 404 179
[2020-07-02 14:15:11,077] INFO "GET /index/ HTTP/1.1" 200 7027
[2020-07-02 14:15:11,170] WARNING "GET /static/js/clientes.js HTTP/1.1" 404 179
[2020-07-02 14:15:11,170] WARNING "GET /static/css/google_material_icons.css HTTP/1.1" 404 179
[2020-07-02 14:15:11,171] WARNING "GET /static/js/materialize.min.js HTTP/1.1" 404 179
[2020-07-02 14:15:11,171] WARNING "GET /static/css/materialize.min.css HTTP/1.1" 404 179
[2020-07-02 14:15:11,171] WARNING "GET /static/js/jquery-2.2.2.min.js HTTP/1.1" 404 179
[2020-07-02 14:15:11,171] WARNING "GET /static/css/extra.css HTTP/1.1" 404 179
[2020-07-02 14:15:11,199] WARNING "GET /static/js/pace.min.js HTTP/1.1" 404 179
[2020-07-02 14:15:14,983] INFO "GET /index/ HTTP/1.1" 200 7027
[2020-07-02 14:15:15,070] WARNING "GET /static/js/clientes.js HTTP/1.1" 404 179
[2020-07-02 14:15:15,071] WARNING "GET /static/js/jquery-2.2.2.min.js HTTP/1.1" 404 179
[2020-07-02 14:15:15,075] WARNING "GET /static/css/extra.css HTTP/1.1" 404 179
[2020-07-02 14:15:15,075] WARNING "GET /static/css/materialize.min.css HTTP/1.1" 404 179
[2020-07-02 14:15:15,076] WARNING "GET /static/js/materialize.min.js HTTP/1.1" 404 179
[2020-07-02 14:15:15,076] WARNING "GET /static/css/google_material_icons.css HTTP/1.1" 404 179
[2020-07-02 14:15:15,099] WARNING "GET /static/js/pace.min.js HTTP/1.1" 404 179
[2020-07-02 14:15:15,289] WARNING "GET /static/favicon-32x32.png HTTP/1.1" 404 179
[2020-07-02 14:15:30,682] INFO Watching for file changes with StatReloader
[2020-07-02 14:15:35,004] INFO "GET /index/ HTTP/1.1" 200 7004
[2020-07-02 14:15:35,089] WARNING "GET /static/css/extra.css HTTP/1.1" 404 179
[2020-07-02 14:15:35,091] WARNING "GET /static/css/google_material_icons.css HTTP/1.1" 404 179
[2020-07-02 14:15:35,091] WARNING "GET /static/css/materialize.min.css HTTP/1.1" 404 179
[2020-07-02 14:15:35,093] WARNING "GET /static/js/jquery-2.2.2.min.js HTTP/1.1" 404 179
[2020-07-02 14:15:35,099] WARNING "GET /static/js/pace.min.js HTTP/1.1" 404 179
[2020-07-02 14:15:35,102] WARNING "GET /static/js/materialize.min.js HTTP/1.1" 404 179
[2020-07-02 14:15:35,120] WARNING "GET /static/js/clientes.js HTTP/1.1" 404 179
[2020-07-02 14:15:36,654] INFO "GET /expirados/ HTTP/1.1" 200 3263
[2020-07-02 14:15:36,776] WARNING "GET /static/css/materialize.min.css HTTP/1.1" 404 179
[2020-07-02 14:15:36,792] WARNING "GET /static/css/google_material_icons.css HTTP/1.1" 404 179
[2020-07-02 14:15:36,800] WARNING "GET /static/css/extra.css HTTP/1.1" 404 179
[2020-07-02 14:15:36,804] WARNING "GET /static/js/jquery-2.2.2.min.js HTTP/1.1" 404 179
[2020-07-02 14:15:36,807] WARNING "GET /static/js/materialize.min.js HTTP/1.1" 404 179
[2020-07-02 14:15:36,824] WARNING "GET /static/js/pace.min.js HTTP/1.1" 404 179
[2020-07-02 14:15:36,827] WARNING "GET /static/js/clientes.js HTTP/1.1" 404 179
[2020-07-02 14:15:42,112] INFO "GET /index/ HTTP/1.1" 200 7004
[2020-07-02 14:15:42,204] WARNING "GET /static/css/materialize.min.css HTTP/1.1" 404 179
[2020-07-02 14:15:42,209] WARNING "GET /static/css/google_material_icons.css HTTP/1.1" 404 179
[2020-07-02 14:15:42,217] WARNING "GET /static/css/extra.css HTTP/1.1" 404 179
[2020-07-02 14:15:42,233] WARNING "GET /static/js/jquery-2.2.2.min.js HTTP/1.1" 404 179
[2020-07-02 14:15:42,235] WARNING "GET /static/js/materialize.min.js HTTP/1.1" 404 179
[2020-07-02 14:15:42,244] WARNING "GET /static/js/clientes.js HTTP/1.1" 404 179
[2020-07-02 14:15:42,245] WARNING "GET /static/js/pace.min.js HTTP/1.1" 404 179
[2020-07-02 14:15:43,180] INFO "GET /clientes/ HTTP/1.1" 200 3768
[2020-07-02 14:15:43,283] WARNING "GET /static/css/materialize.min.css HTTP/1.1" 404 179
[2020-07-02 14:15:43,345] WARNING "GET /static/js/clientes.js HTTP/1.1" 404 179
[2020-07-02 14:15:43,353] WARNING "GET /static/js/pace.min.js HTTP/1.1" 404 179
[2020-07-02 14:15:43,353] WARNING "GET /static/css/extra.css HTTP/1.1" 404 179
[2020-07-02 14:15:43,354] WARNING "GET /static/js/jquery-2.2.2.min.js HTTP/1.1" 404 179
[2020-07-02 14:15:43,355] WARNING "GET /static/js/materialize.min.js HTTP/1.1" 404 179
[2020-07-02 14:15:43,361] WARNING "GET /static/css/google_material_icons.css HTTP/1.1" 404 179
[2020-07-02 14:17:43,617] INFO "GET /addclientes HTTP/1.1" 301 0
[2020-07-02 14:17:43,915] INFO "GET /addclientes/ HTTP/1.1" 200 10493
[2020-07-02 14:17:44,018] WARNING "GET /static/css/google_material_icons.css HTTP/1.1" 404 179
[2020-07-02 14:17:44,019] WARNING "GET /static/css/materialize.min.css HTTP/1.1" 404 179
[2020-07-02 14:17:44,023] WARNING "GET /static/js/clientes.js HTTP/1.1" 404 179
[2020-07-02 14:17:44,031] WARNING "GET /static/js/materialize.min.js HTTP/1.1" 404 179
[2020-07-02 14:17:44,038] WARNING "GET /static/js/jquery-2.2.2.min.js HTTP/1.1" 404 179
[2020-07-02 14:17:44,040] WARNING "GET /static/css/extra.css HTTP/1.1" 404 179
[2020-07-02 14:17:44,044] WARNING "GET /static/js/pace.min.js HTTP/1.1" 404 179
[2020-07-02 14:18:07,725] INFO "GET /accounts/logout/ HTTP/1.1" 302 0
[2020-07-02 14:18:07,793] INFO "GET / HTTP/1.1" 200 1768
[2020-07-02 14:18:07,863] WARNING "GET /static/css/materialize.min.css HTTP/1.1" 404 179
[2020-07-02 14:18:07,872] WARNING "GET /static/css/google_material_icons.css HTTP/1.1" 404 179
[2020-07-02 14:22:30,884] INFO Watching for file changes with StatReloader
[2020-07-02 14:22:39,034] INFO "GET / HTTP/1.1" 200 1768
[2020-07-02 14:22:39,070] WARNING "GET /static/css/google_material_icons.css HTTP/1.1" 404 179
[2020-07-02 14:22:39,070] WARNING "GET /static/css/materialize.min.css HTTP/1.1" 404 179
[2020-07-02 14:22:39,299] INFO "GET / HTTP/1.1" 200 1768
[2020-07-02 14:22:39,597] WARNING "GET /static/favicon-32x32.png HTTP/1.1" 404 179
[2020-07-02 14:24:00,685] INFO /home/dennisqc/WebApps/django-misclientes/clients/settings.py changed, reloading.
[2020-07-02 14:24:05,058] INFO Watching for file changes with StatReloader
[2020-07-02 14:24:11,075] INFO "GET / HTTP/1.1" 200 1768
[2020-07-02 14:24:11,132] WARNING "GET /static/css/materialize.min.css HTTP/1.1" 404 179
[2020-07-02 14:24:11,133] WARNING "GET /static/css/google_material_icons.css HTTP/1.1" 404 179
[2020-07-02 14:24:11,917] INFO "GET / HTTP/1.1" 200 1768
[2020-07-02 14:24:12,017] WARNING "GET /static/css/materialize.min.css HTTP/1.1" 404 179
[2020-07-02 14:24:12,017] WARNING "GET /static/css/google_material_icons.css HTTP/1.1" 404 179
[2020-07-02 14:24:20,700] INFO /home/dennisqc/WebApps/django-misclientes/clients/settings.py changed, reloading.
[2020-07-02 14:24:21,123] INFO Watching for file changes with StatReloader
[2020-07-02 14:24:24,381] INFO /home/dennisqc/WebApps/django-misclientes/clients/settings.py changed, reloading.
[2020-07-02 14:24:24,777] INFO Watching for file changes with StatReloader
[2020-07-02 14:24:27,568] INFO /home/dennisqc/WebApps/django-misclientes/clients/settings.py changed, reloading.
[2020-07-02 14:24:28,003] INFO Watching for file changes with StatReloader
[2020-07-02 14:24:34,331] ERROR Internal Server Error: /
Traceback (most recent call last):
  File "/home/dennisqc/WebApps/django-misclientes/.venv/lib/python3.8/site-packages/django/core/handlers/exception.py", line 34, in inner
    response = get_response(request)
  File "/home/dennisqc/WebApps/django-misclientes/.venv/lib/python3.8/site-packages/django/core/handlers/base.py", line 145, in _get_response
    response = self.process_exception_by_middleware(e, request)
  File "/home/dennisqc/WebApps/django-misclientes/.venv/lib/python3.8/site-packages/django/core/handlers/base.py", line 143, in _get_response
    response = response.render()
  File "/home/dennisqc/WebApps/django-misclientes/.venv/lib/python3.8/site-packages/django/template/response.py", line 105, in render
    self.content = self.rendered_content
  File "/home/dennisqc/WebApps/django-misclientes/.venv/lib/python3.8/site-packages/django/template/response.py", line 83, in rendered_content
    return template.render(context, self._request)
  File "/home/dennisqc/WebApps/django-misclientes/.venv/lib/python3.8/site-packages/django/template/backends/django.py", line 61, in render
    return self.template.render(context)
  File "/home/dennisqc/WebApps/django-misclientes/.venv/lib/python3.8/site-packages/django/template/base.py", line 171, in render
    return self._render(context)
  File "/home/dennisqc/WebApps/django-misclientes/.venv/lib/python3.8/site-packages/django/template/base.py", line 163, in _render
    return self.nodelist.render(context)
  File "/home/dennisqc/WebApps/django-misclientes/.venv/lib/python3.8/site-packages/django/template/base.py", line 936, in render
    bit = node.render_annotated(context)
  File "/home/dennisqc/WebApps/django-misclientes/.venv/lib/python3.8/site-packages/django/template/base.py", line 903, in render_annotated
    return self.render(context)
  File "/home/dennisqc/WebApps/django-misclientes/.venv/lib/python3.8/site-packages/django/templatetags/static.py", line 106, in render
    url = self.url(context)
  File "/home/dennisqc/WebApps/django-misclientes/.venv/lib/python3.8/site-packages/django/templatetags/static.py", line 103, in url
    return self.handle_simple(path)
  File "/home/dennisqc/WebApps/django-misclientes/.venv/lib/python3.8/site-packages/django/templatetags/static.py", line 118, in handle_simple
    return staticfiles_storage.url(path)
  File "/home/dennisqc/WebApps/django-misclientes/.venv/lib/python3.8/site-packages/django/utils/functional.py", line 224, in inner
    self._setup()
  File "/home/dennisqc/WebApps/django-misclientes/.venv/lib/python3.8/site-packages/django/contrib/staticfiles/storage.py", line 501, in _setup
    self._wrapped = get_storage_class(settings.STATICFILES_STORAGE)()
  File "/home/dennisqc/WebApps/django-misclientes/.venv/lib/python3.8/site-packages/django/contrib/staticfiles/storage.py", line 33, in __init__
    check_settings(base_url)
  File "/home/dennisqc/WebApps/django-misclientes/.venv/lib/python3.8/site-packages/django/contrib/staticfiles/utils.py", line 49, in check_settings
    raise ImproperlyConfigured(
django.core.exceptions.ImproperlyConfigured: You're using the staticfiles app without having set the required STATIC_URL setting.
[2020-07-02 14:24:34,545] ERROR "GET / HTTP/1.1" 500 145
[2020-07-02 14:24:34,866] WARNING "GET /favicon.ico HTTP/1.1" 404 179
[2020-07-02 14:24:51,370] INFO /home/dennisqc/WebApps/django-misclientes/clients/settings.py changed, reloading.
[2020-07-02 14:24:51,882] INFO Watching for file changes with StatReloader
[2020-07-02 14:24:55,334] INFO "GET / HTTP/1.1" 200 1768
[2020-07-02 14:24:55,394] WARNING "GET /static/css/google_material_icons.css HTTP/1.1" 404 179
[2020-07-02 14:24:55,396] WARNING "GET /static/css/materialize.min.css HTTP/1.1" 404 179
[2020-07-02 14:24:56,345] INFO "GET / HTTP/1.1" 200 1768
[2020-07-02 14:24:56,404] WARNING "GET /static/css/materialize.min.css HTTP/1.1" 404 179
[2020-07-02 14:24:56,404] WARNING "GET /static/css/google_material_icons.css HTTP/1.1" 404 179
[2020-07-02 14:24:56,966] INFO "GET / HTTP/1.1" 200 1768
[2020-07-02 14:24:57,031] WARNING "GET /static/css/materialize.min.css HTTP/1.1" 404 179
[2020-07-02 14:24:57,033] WARNING "GET /static/css/google_material_icons.css HTTP/1.1" 404 179
[2020-07-02 14:24:57,211] INFO "GET / HTTP/1.1" 200 1768
[2020-07-02 14:24:57,298] WARNING "GET /static/css/materialize.min.css HTTP/1.1" 404 179
[2020-07-02 14:24:57,330] WARNING "GET /static/css/google_material_icons.css HTTP/1.1" 404 179
[2020-07-02 14:24:58,138] INFO "GET / HTTP/1.1" 200 1768
[2020-07-02 14:24:58,212] WARNING "GET /static/css/materialize.min.css HTTP/1.1" 404 179
[2020-07-02 14:24:58,212] WARNING "GET /static/css/google_material_icons.css HTTP/1.1" 404 179
